 Program ETABS Version 9.6.0.0                             File:Modelo base2.LOG
                                                                     
                                                                       


 B E G I N   A N A L Y S I S                                2024/04/05  08:50:50

 MAXIMUM MEMORY BLOCK SIZE (BYTES)         =      64.000 MB


 E L E M E N T   F O R M A T I O N                                      08:50:50

 NUMBER OF JOINT  ELEMENTS FORMED          =           6
 NUMBER OF SPRING ELEMENTS FORMED          =           0
 NUMBER OF FRAME  ELEMENTS FORMED          =           8
 NUMBER OF CONSTRAINTS FORMED              =           1

 REDUCTION OF CONSTRAINTS AND RESTRAINTS:
 NUMBER OF
   CONSTRAINT MASTER DOF BEFORE REDUCTION  =           3
   COUPLED CONSTRAINT/RESTRAINT MASTER DOF =           0
   CONSTRAINT MASTER DOF AFTER REDUCTION   =           3


 E Q U A T I O N   S O L U T I O N                                      08:50:50

 TOTAL NUMBER OF EQUILIBRIUM EQUATIONS     =          15
 APPROXIMATE "EFFECTIVE" BAND WIDTH        =           8

 NUMBER OF EQUATION STORAGE BLOCKS         =           1
 MAXIMUM BLOCK SIZE (8-BYTE TERMS)         =         111
 SIZE OF STIFFNESS FILE(S) (BYTES)         =         964 B 

 NUMBER OF EQUATIONS TO SOLVE              =          15
 NUMBER OF STATIC LOAD CASES               =           3
 NUMBER OF ACCELERATION LOADS              =           6
 NUMBER OF NONLINEAR DEFORMATION LOADS     =           0


 E I G E N   A N A L Y S I S                                            08:50:51

 NUMBER OF STIFFNESS DEGREES OF FREEDOM    =          15
 NUMBER OF MASS DEGREES OF FREEDOM         =           3
 NUMBER OF EIGEN MODES SOUGHT              =          12
 NUMBER OF RESIDUAL-MASS MODES SOUGHT      =           0
 NUMBER OF SUBSPACE VECTORS USED           =           3

 RELATIVE CONVERGENCE TOLERANCE            =    1.00E-07
 FREQUENCY SHIFT  (CENTER) (CYC/TIME)      =     .000000
 FREQUENCY CUTOFF (RADIUS) (CYC/TIME)      =     .000000

 * * * W A R N I N G * * *
 NUMBER OF MODES SOUGHT REDUCED TO THE NUMBER OF MASS DEGREES OF FREEDOM


 NUMBER OF EIGEN MODES FOUND               =           3
 NUMBER OF ITERATIONS PERFORMED            =           1


 J O I N T   O U T P U T                                                08:50:51

 G L O B A L   F O R C E   B A L A N C E   R E L A T I V E   E R R O R S

 PERCENT FORCE AND MOMENT ERROR AT THE ORIGIN, IN GLOBAL COORDINATES

    LOAD          FX          FY          FZ          MX          MY          MZ
DEAD         .000000     .000000    6.88E-15    3.68E-17    1.05E-14    1.04E-15
LIVE         .000000     .000000     .000000     .000000     .000000     .000000
TRIBUTAR     .000000     .000000     .000000     .000000     .000000     .000000

    MODE          FX          FY          FZ          MX          MY          MZ
       1    2.52E-15     .000000     .000000    1.29E-15    3.30E-15    4.00E-15
       2    2.18E-16    6.36E-17    1.68E-15    1.76E-15    1.18E-15    1.01E-14
       3    1.17E-30    2.63E-15    1.32E-15    6.50E-16    1.30E-15    1.61E-15


 E L E M E N T   J O I N T - F O R C E   O U T P U T                    08:50:51

 NUMBER OF JOINT  ELEMENTS SAVED           =           6
 NUMBER OF FRAME  ELEMENTS SAVED           =           8


 E L E M E N T   O U T P U T                                            08:50:51



 A N A L Y S I S   C O M P L E T E                          2024/04/05  08:50:51


 Program ETABS Version 9.6.0.0                             File:Modelo base2.LOG
                                                                     
                                                                       


 C E N T E R S   O F   R I G I D I T Y                                  08:50:51
