                                 E T A B S (R)                                  

                                 Version 9.6.0.0                                

                            Copyright (C) 1984-2009                             
                         COMPUTERS AND STRUCTURES, INC.                         
                              All rights reserved                               

                 This copy of ETABS is for the exclusive use of                 

                                  THE LICENSEE                                  

           Unauthorized use is in violation of Federal copyright laws           

               It is the responsibility of the user to verify all               
                        results produced by this program                        

                              5 Apr 2024  08:50:50                              
 Program ETABS Version 9.6.0.0                             File:Modelo base2.OUT
                                                                            Page
                                                                               1

 C O N S T R A I N T   C O O R D I N A T E S   A N D   M A S S E S

 CONS       1 ================== TYPE = DIAPH, NORMAL DIRECTION = U3

                     LOCAL COORDINATE SYSTEM FOR CONSTRAINT MASTER
  GLOBAL          U1          U2          U3          R1          R2          R3
     X      1.000000     .000000     .000000    1.000000     .000000     .000000
     Y       .000000    1.000000     .000000     .000000    1.000000     .000000
     Z       .000000     .000000    1.000000     .000000     .000000    1.000000

                     TRANSLATIONAL MASS AND MASS MOMENTS OF INERTIA
                  U1          U2          U3          R1          R2          R3
            0.041124    0.041124     .000000     .000000     .000000    1346.573

                     CENTER OF MASS
  GLOBAL          U1          U2          U3
     X    127.952756  127.952756  127.952756
     Y    127.952756  127.952756  127.952756
     Z    157.480315  157.480315  157.480315
 Program ETABS Version 9.6.0.0                             File:Modelo base2.OUT
                                                                            Page
                                                                               2

 D I S P L A C E M E N T   D E G R E E S   O F   F R E E D O M

         (A) = Active DOF, equilibrium equation
         (-) = Restrained DOF, reaction computed
         (+) = Constrained DOF
         (>) = External substructure DOF
         ( ) = Null DOF

  JOINTS              UX  UY  UZ  RX  RY  RZ
       1 TO       2    +   +               +
       3 TO       6    +   +   A   A   A   +
       7 TO      10    -   -   -   -   -   -

  CONSTRAINTS         U1  U2  U3  R1  R2  R3
       1               A   A               A
 Program ETABS Version 9.6.0.0                             File:Modelo base2.OUT
                                                                            Page
                                                                               3

 A S S E M B L E D   J O I N T   M A S S E S

 IN GLOBAL COORDINATES

   JOINT          UX          UY          UZ          RX          RY          RZ
       1    0.041124    0.041124     .000000     .000000     .000000    1346.573
       7    0.001714    0.001714     .000000     .000000     .000000     .000000
       8    0.001714    0.001714     .000000     .000000     .000000     .000000
       9    0.001714    0.001714     .000000     .000000     .000000     .000000
      10    0.001714    0.001714     .000000     .000000     .000000     .000000


 T O T A L   A S S E M B L E D   J O I N T   M A S S E S

 IN GLOBAL COORDINATES

                  UX          UY          UZ          RX          RY          RZ
   TOTAL    0.047979    0.047979     .000000     .000000     .000000    1346.573


 T O T A L   A C C E L E R A T E D   M A S S   A N D   L O C A T I O N

 TOTAL MASS ACTIVATED BY ACCELERATION LOADS, IN GLOBAL COORDINATES

                  UX          UY          UZ
    MASS    0.041124    0.041124     .000000
   X-LOC  127.952756  127.952756     .000000
   Y-LOC  127.952756  127.952756     .000000
   Z-LOC  157.480315  157.480315     .000000
 Program ETABS Version 9.6.0.0                             File:Modelo base2.OUT
                                                                            Page
                                                                               4

 M O D A L   P E R I O D S   A N D   F R E Q U E N C I E S

    MODE      PERIOD   FREQUENCY   FREQUENCY  EIGENVALUE
              (TIME)  (CYC/TIME)  (RAD/TIME)  (RAD/TIME)**2

       1    0.336955    2.967756   18.646963  347.709242
       2    0.254963    3.922141   24.643539  607.304007
       3    0.243534    4.106201   25.800024  665.641248
 Program ETABS Version 9.6.0.0                             File:Modelo base2.OUT
                                                                            Page
                                                                               5

 M O D A L   P A R T I C I P A T I O N   F A C T O R S

 FOR UNIT ACCELERATION LOADS IN GLOBAL COORDINATES

    MODE      PERIOD          UX          UY          UZ
       1    0.336955   -0.202792   -2.82E-17     .000000
       2    0.254963    4.60E-17    2.21E-19     .000000
       3    0.243534    2.82E-17   -0.202792     .000000
 Program ETABS Version 9.6.0.0                             File:Modelo base2.OUT
                                                                            Page
                                                                               6

 M O D A L   P A R T I C I P A T I N G   M A S S   R A T I O S

    MODE      PERIOD    INDIVIDUAL MODE (PERCENT)     CUMULATIVE SUM (PERCENT)
                             UX       UY       UZ         UX       UY       UZ

       1    0.336955   100.0000   0.0000   0.0000   100.0000   0.0000   0.0000
       2    0.254963     0.0000   0.0000   0.0000   100.0000   0.0000   0.0000
       3    0.243534     0.0000 100.0000   0.0000   100.0000 100.0000   0.0000
 Program ETABS Version 9.6.0.0                             File:Modelo base2.OUT
                                                                            Page
                                                                               7

 M O D A L   L O A D   P A R T I C I P A T I O N   R A T I O S

 LOAD, ACC, OR LINK/DEF        STATIC    DYNAMIC                       EFFECTIVE
        (TYPE)      (NAME)   (PERCENT)  (PERCENT)                         PERIOD

         LOAD    DEAD         98.2448 ->100.0000<- (*) SEE NOTE         0.333985
         LOAD    LIVE          0.0000     0.0000                      -INFINITY-
         LOAD    TRIBUTAR      0.0000     0.0000                      -INFINITY-
          ACC          UX    100.0000   100.0000                        0.336955
          ACC          UY    100.0000   100.0000                        0.243534
          ACC          UZ      0.0000     0.0000                      -INFINITY-
          ACC          RX    100.0000   100.0000                        0.243534
          ACC          RY    100.0000   100.0000                        0.336955
          ACC          RZ    100.0000   100.0000                        0.437280

 (*) NOTE: DYNAMIC LOAD PARTICIPATION RATIO EXCLUDES LOAD APPLIED
           TO NON-MASS DEGREES OF FREEDOM
 Program ETABS Version 9.6.0.0                             File:Modelo base2.OUT
                                                                            Page
                                                                               8

 G L O B A L   F O R C E   B A L A N C E

 TOTAL FORCE AND MOMENT AT THE ORIGIN, IN GLOBAL COORDINATES

 LOADDEAD     ------------------    

                  FX          FY          FZ          MX          MY          MZ
 APPLIED   14.571044     .000000  -19.047938   -2437.236    4731.889   -1864.405
 INERTIA     .000000     .000000     .000000     .000000     .000000     .000000
 REACTNS  -14.571044    2.78E-17   19.047938    2437.236   -4731.889    1864.405
 CONSTRS     .000000   -2.78E-17     .000000   -3.48E-15    8.40E-14    1.29E-13

   TOTAL     .000000     .000000   -3.55E-15   -3.48E-15    9.93E-13   -9.88E-14

 LOADLIVE     ------------------    

                  FX          FY          FZ          MX          MY          MZ
 APPLIED     .000000     .000000     .000000     .000000     .000000     .000000
 INERTIA     .000000     .000000     .000000     .000000     .000000     .000000
 REACTNS     .000000     .000000     .000000     .000000     .000000     .000000
 CONSTRS     .000000     .000000     .000000     .000000     .000000     .000000

   TOTAL     .000000     .000000     .000000     .000000     .000000     .000000

 LOADTRIBUTAR ------------------    

                  FX          FY          FZ          MX          MY          MZ
 APPLIED     .000000     .000000     .000000     .000000     .000000     .000000
 INERTIA     .000000     .000000     .000000     .000000     .000000     .000000
 REACTNS     .000000     .000000     .000000     .000000     .000000     .000000
 CONSTRS     .000000     .000000     .000000     .000000     .000000     .000000

   TOTAL     .000000     .000000     .000000     .000000     .000000     .000000

 MODE       1 ------------------    

                  FX          FY          FZ          MX          MY          MZ
 APPLIED     .000000     .000000     .000000     .000000     .000000     .000000
 INERTIA  -70.512570   -9.81E-15     .000000    1.54E-12  -11104.342    9022.278
 REACTNS   70.512570    1.88E-14     .000000   -2.62E-12   11104.342   -9022.278
 CONSTRS    3.91E-14   -8.98E-15     .000000    1.41E-12    6.42E-12   -4.67E-12

   TOTAL   -3.55E-15     .000000     .000000    3.34E-13   -8.53E-13   -1.03E-12
 Program ETABS Version 9.6.0.0                             File:Modelo base2.OUT
                                                                            Page
                                                                               9

 G L O B A L   F O R C E   B A L A N C E

 TOTAL FORCE AND MOMENT AT THE ORIGIN, IN GLOBAL COORDINATES

 MODE       2 ------------------    

                  FX          FY          FZ          MX          MY          MZ
 APPLIED     .000000     .000000     .000000     .000000     .000000     .000000
 INERTIA    2.80E-14    1.34E-16     .000000   -2.12E-14    4.40E-12   22285.434
 REACTNS   -1.78E-14   -3.55E-15    3.55E-15    1.51E-12   -2.96E-12  -22285.434
 CONSTRS   -1.07E-14    3.55E-15     .000000   -7.04E-13   -1.97E-12    2.14E-10

   TOTAL   -4.60E-16    1.34E-16    3.55E-15    7.84E-13   -5.27E-13   -4.50E-12

 MODE       3 ------------------    

                  FX          FY          FZ          MX          MY          MZ
 APPLIED     .000000     .000000     .000000     .000000     .000000     .000000
 INERTIA    1.88E-14 -134.986561     .000000   21257.726    2.96E-12  -17271.903
 REACTNS   -9.58E-15  134.986561   -3.55E-15  -21257.726   -8.66E-13   17271.903
 CONSTRS   -9.19E-15   -2.13E-14     .000000    3.32E-12   -1.45E-12    7.99E-13

   TOTAL   -3.16E-30    7.11E-15   -3.55E-15   -3.22E-13    6.44E-13    7.99E-13
